build/app/outputs/mapping/release/seeds.txt
com.InitialIng_Yazilim.nobetci_eczaneler.MainActivity
com.InitialIng_Yazilim.nobetci_eczaneler.MainActivity: MainActivity()
...
io.flutter.plugins.urllauncher.WebViewActivity
androidx.lifecycle.FullLifecycleObserverAdapter
androidx.window.java.layout.WindowInfoTrackerCallbackAdapter
androidx.activity.ComponentActivity$2
androidx.window.layout.FoldingFeature$Orientation
androidx.window.layout.SidecarCompat$Companion
androidx.window.layout.ExtensionInterfaceCompat
androidx.window.layout.WindowMetricsCalculator$Companion$overrideDecorator$1
androidx.window.embedding.SplitPairRule
io.flutter.embedding.engine.FlutterOverlaySurface
android.support.v4.graphics.drawable.IconCompatParcelizer
androidx.window.R
androidx.window.embedding.EmbeddingTranslatingCallback
androidx.window.java.layout.WindowInfoTrackerCallbackAdapter$addListener$1$1$invokeSuspend$$inlined$collect$1
kotlinx.coroutines.CoroutineExceptionHandler
androidx.window.layout.WindowInfoTrackerImpl
androidx.window.layout.FoldingFeature
androidx.window.layout.WindowBackend
androidx.window.layout.HardwareFoldingFeature$Type
io.flutter.view.AccessibilityViewEmbedder
androidx.window.core.Version
androidx.window.layout.SidecarWindowBackend$WindowLayoutChangeCallbackWrapper
androidx.core.graphics.drawable.IconCompat
androidx.window.embedding.ExtensionEmbeddingBackend
androidx.window.embedding.ExtensionEmbeddingBackend$SplitListenerWrapper
io.flutter.plugin.editing.ImeSyncDeferringInsetsCallback
androidx.window.layout.SidecarCompat
io.flutter.plugin.platform.SingleViewPresentation
io.flutter.plugins.GeneratedPluginRegistrant
androidx.window.layout.FoldingFeature$Orientation$Companion
androidx.window.layout.SidecarCompat$DistinctElementCallback
androidx.window.layout.SidecarAdapter
androidx.window.layout.WindowMetricsCalculator
androidx.window.embedding.MatcherUtils
androidx.window.layout.EmptyDecorator
androidx.window.layout.HardwareFoldingFeature
androidx.window.embedding.EmbeddingBackend
androidx.window.layout.SidecarAdapter$Companion
androidx.lifecycle.CompositeGeneratedAdaptersObserver
androidx.window.layout.WindowInfoTrackerDecorator
androidx.core.graphics.drawable.IconCompatParcelizer
androidx.activity.ComponentActivity$3
androidx.lifecycle.LiveData$LifecycleBoundObserver
androidx.core.app.CoreComponentFactory
androidx.window.java.R
androidx.fragment.app.Fragment$2
androidx.window.embedding.SplitRule$Api30Impl
io.flutter.embedding.engine.renderer.SurfaceTextureWrapper
androidx.window.layout.FoldingFeature$State
androidx.window.layout.ExtensionsWindowLayoutInfoAdapter
androidx.window.layout.ExtensionWindowLayoutInfoBackend
androidx.window.embedding.ActivityStack
androidx.window.embedding.SplitRule$LayoutDir
kotlin.internal.jdk7.JDK7PlatformImplementations
androidx.window.layout.ActivityCompatHelperApi24
androidx.window.embedding.EmbeddingCompat
androidx.window.embedding.EmbeddingInterfaceCompat$EmbeddingCallbackInterface
androidx.window.layout.SidecarCompat$FirstAttachAdapter
androidx.window.embedding.SplitController
kotlin.internal.jdk8.JDK8PlatformImplementations
androidx.window.embedding.ExtensionEmbeddingBackend$EmbeddingCallbackImpl
dev.fluttercommunity.plus.share.ShareFileProvider
androidx.window.layout.HardwareFoldingFeature$Type$Companion
androidx.window.layout.DisplayCompatHelperApi17
androidx.window.layout.WindowInfoTrackerImpl$windowLayoutInfo$1
androidx.window.layout.WindowMetricsCalculatorCompat
kotlinx.coroutines.internal.MainDispatcherFactory
android.support.v4.app.RemoteActionCompatParcelizer
androidx.window.embedding.ExtensionEmbeddingBackend$Companion
androidx.window.layout.DisplayFeature
kotlinx.coroutines.internal.StackTraceRecoveryKt
androidx.window.embedding.ActivityRule
androidx.window.embedding.SplitRuleParser
androidx.savedstate.Recreator
androidx.window.layout.FoldingFeature$OcclusionType$Companion
androidx.versionedparcelable.ParcelImpl
androidx.window.embedding.SplitPlaceholderRule
io.flutter.embedding.engine.FlutterJNI
androidx.lifecycle.SingleGeneratedAdapterObserver
androidx.core.app.RemoteActionCompat
androidx.window.layout.WindowMetrics