build/app/outputs/mapping/release/mapping.txt
# compiler: R8
# compiler_version: 3.2.47
# min_api: 16
# common_typos_disable
# {"id":"com.android.tools.r8.mapping","version":"2.0"}
# pg_map_id: d89ca42
# pg_map_hash: SHA-256 d89ca428f298c8cd14e67134afefbc9d58a06a670a047ad1d30de807ea46c96c
...
io.flutter.plugins.sharedpreferences.SharedPreferencesPlugin$ListEncoder -> d0.l$a:
    java.util.List decode(java.lang.String) -> a
    java.lang.String encode(java.util.List) -> b
io.flutter.plugins.urllauncher.MethodCallHandlerImpl -> e0.a:
    io.flutter.plugins.urllauncher.UrlLauncher urlLauncher -> a
    io.flutter.plugin.common.MethodChannel channel -> b
    void onMethodCall(io.flutter.plugin.common.MethodCall,io.flutter.plugin.common.MethodChannel$Result) -> a
    android.os.Bundle extractBundle(java.util.Map) -> b
    void onCanLaunch(io.flutter.plugin.common.MethodChannel$Result,java.lang.String) -> c
    void onCloseWebView(io.flutter.plugin.common.MethodChannel$Result) -> d
    void onLaunch(io.flutter.plugin.common.MethodCall,io.flutter.plugin.common.MethodChannel$Result,java.lang.String) -> e
    void startListening(io.flutter.plugin.common.BinaryMessenger) -> f
    void stopListening() -> g
io.flutter.plugins.urllauncher.UrlLauncher -> e0.b:
    android.content.Context applicationContext -> a
    android.app.Activity activity -> b
    boolean canLaunch(java.lang.String) -> a
    void closeWebView() -> b
    io.flutter.plugins.urllauncher.UrlLauncher$LaunchStatus launch(java.lang.String,android.os.Bundle,boolean,boolean,boolean) -> c
    void setActivity(android.app.Activity) -> d
io.flutter.plugins.urllauncher.UrlLauncher$LaunchStatus -> e0.b$a:
    io.flutter.plugins.urllauncher.UrlLauncher$LaunchStatus[] $VALUES -> g
    io.flutter.plugins.urllauncher.UrlLauncher$LaunchStatus OK -> d
    io.flutter.plugins.urllauncher.UrlLauncher$LaunchStatus NO_ACTIVITY -> e
    io.flutter.plugins.urllauncher.UrlLauncher$LaunchStatus ACTIVITY_NOT_FOUND -> f
io.flutter.plugins.urllauncher.UrlLauncherPlugin -> e0.c:
    io.flutter.plugins.urllauncher.MethodCallHandlerImpl methodCallHandler -> a
    io.flutter.plugins.urllauncher.UrlLauncher urlLauncher -> b
    void onDetachedFromActivity() -> a
    void onAttachedToActivity(io.flutter.embedding.engine.plugins.activity.ActivityPluginBinding) -> b
    void onReattachedToActivityForConfigChanges(io.flutter.embedding.engine.plugins.activity.ActivityPluginBinding) -> c
    void onDetachedFromActivityForConfigChanges() -> d
    void onDetachedFromEngine(io.flutter.embedding.engine.plugins.FlutterPlugin$FlutterPluginBinding) -> f
    void onAttachedToEngine(io.flutter.embedding.engine.plugins.FlutterPlugin$FlutterPluginBinding) -> j
io.flutter.plugins.urllauncher.WebViewActivity -> io.flutter.plugins.urllauncher.WebViewActivity:
    android.content.IntentFilter closeIntentFilter -> d
    android.webkit.WebView webview -> c
    android.content.BroadcastReceiver broadcastReceiver -> a
    android.webkit.WebViewClient webViewClient -> b
    android.content.Intent createIntent(android.content.Context,java.lang.String,boolean,boolean,android.os.Bundle) -> a
    java.util.Map extractHeaders(android.os.Bundle) -> b
io.flutter.plugins.urllauncher.WebViewActivity$1 -> io.flutter.plugins.urllauncher.WebViewActivity$a:
    io.flutter.plugins.urllauncher.WebViewActivity this$0 -> a
io.flutter.plugins.urllauncher.WebViewActivity$2 -> io.flutter.plugins.urllauncher.WebViewActivity$b:
    io.flutter.plugins.urllauncher.WebViewActivity this$0 -> a
io.flutter.plugins.urllauncher.WebViewActivity$FlutterWebChromeClient -> io.flutter.plugins.urllauncher.WebViewActivity$c:
    io.flutter.plugins.urllauncher.WebViewActivity this$0 -> a
io.flutter.plugins.urllauncher.WebViewActivity$FlutterWebChromeClient$1 -> io.flutter.plugins.urllauncher.WebViewActivity$c$a:
    io.flutter.plugins.urllauncher.WebViewActivity$FlutterWebChromeClient this$1 -> a
io.flutter.util.HandlerCompat -> f0.a:
    android.os.Handler createAsyncHandler(android.os.Looper) -> a