build/app/outputs/mapping/release/usage.txt
com.InitialIng_Yazilim.nobetci_eczaneler.BuildConfig
com.InitialIng_Yazilim.nobetci_eczaneler.R$attr
com.InitialIng_Yazilim.nobetci_eczaneler.R$color
com.InitialIng_Yazilim.nobetci_eczaneler.R$dimen
com.InitialIng_Yazilim.nobetci_eczaneler.R$drawable
com.InitialIng_Yazilim.nobetci_eczaneler.R$id
com.InitialIng_Yazilim.nobetci_eczaneler.R$integer
com.InitialIng_Yazilim.nobetci_eczaneler.R$layout
com.InitialIng_Yazilim.nobetci_eczaneler.R$mipmap
com.InitialIng_Yazilim.nobetci_eczaneler.R$string
com.InitialIng_Yazilim.nobetci_eczaneler.R$style
com.InitialIng_Yazilim.nobetci_eczaneler.R$styleable
com.InitialIng_Yazilim.nobetci_eczaneler.R$xml
com.InitialIng_Yazilim.nobetci_eczaneler.R
...
androidx.core.R
androidx.core.accessibilityservice.AccessibilityServiceInfoCompat
androidx.core.animation.AnimatorKt$addListener$1
androidx.core.animation.AnimatorKt$addListener$2
androidx.core.animation.AnimatorKt$addListener$3
androidx.core.animation.AnimatorKt$addListener$4
androidx.core.animation.AnimatorKt$addListener$listener$1
androidx.core.animation.AnimatorKt$addPauseListener$1
androidx.core.animation.AnimatorKt$addPauseListener$2
androidx.core.animation.AnimatorKt$addPauseListener$listener$1
androidx.core.animation.AnimatorKt$doOnCancel$$inlined$addListener$default$1
androidx.core.animation.AnimatorKt$doOnEnd$$inlined$addListener$default$1
androidx.core.animation.AnimatorKt$doOnRepeat$$inlined$addListener$default$1
androidx.core.animation.AnimatorKt$doOnStart$$inlined$addListener$default$1
androidx.core.animation.AnimatorKt
androidx.core.animation.Api19Impl
androidx.core.app.ActivityCompat$1
androidx.core.app.ActivityCompat$Api16Impl
androidx.core.app.ActivityCompat$Api21Impl
androidx.core.app.ActivityCompat$Api22Impl
androidx.core.app.ActivityCompat$Api23Impl
androidx.core.app.ActivityCompat$Api28Impl
androidx.core.app.ActivityCompat$Api30Impl
androidx.core.app.ActivityCompat$Api31Impl
androidx.core.app.ActivityCompat$OnRequestPermissionsResultCallback
androidx.core.app.ActivityCompat$PermissionCompatDelegate
androidx.core.app.ActivityCompat$RequestPermissionsRequestCodeValidator
androidx.core.app.ActivityCompat$SharedElementCallback21Impl
androidx.core.app.ActivityCompat
androidx.core.app.ActivityManagerCompat
androidx.core.app.ActivityOptionsCompat$ActivityOptionsCompatImpl
androidx.core.app.ActivityOptionsCompat$Api16Impl
androidx.core.app.ActivityOptionsCompat$Api21Impl
androidx.core.app.ActivityOptionsCompat$Api23Impl
androidx.core.app.ActivityOptionsCompat$Api24Impl
androidx.core.app.ActivityOptionsCompat
androidx.core.app.ActivityRecreator$1
androidx.core.app.ActivityRecreator$2
androidx.core.app.ActivityRecreator$3
androidx.core.app.ActivityRecreator$LifecycleCheckCallbacks
androidx.core.app.ActivityRecreator
androidx.core.app.AlarmManagerCompat$Api19Impl
androidx.core.app.AlarmManagerCompat$Api21Impl
androidx.core.app.AlarmManagerCompat$Api23Impl
androidx.core.app.AlarmManagerCompat
androidx.core.app.AppComponentFactory
androidx.core.app.AppLaunchChecker
androidx.core.app.AppOpsManagerCompat$Api19Impl
androidx.core.app.AppOpsManagerCompat$Api23Impl
androidx.core.app.AppOpsManagerCompat$Api29Impl
androidx.core.app.AppOpsManagerCompat
androidx.core.app.BundleCompat$Api18Impl
androidx.core.app.BundleCompat$BeforeApi18Impl
androidx.core.app.BundleCompat
androidx.core.app.ComponentActivity$ExtraData
androidx.core.app.ComponentActivity:
    private androidx.collection.SimpleArrayMap mExtraDataMap
    private androidx.lifecycle.LifecycleRegistry mLifecycleRegistry
    public void <init>()
    public boolean dispatchKeyEvent(android.view.KeyEvent)
    public boolean dispatchKeyShortcutEvent(android.view.KeyEvent)
    public androidx.core.app.ComponentActivity$ExtraData getExtraData(java.lang.Class)
    public androidx.lifecycle.Lifecycle getLifecycle()
    protected void onCreate(android.os.Bundle)
    protected void onSaveInstanceState(android.os.Bundle)
    public void putExtraData(androidx.core.app.ComponentActivity$ExtraData)
    protected final boolean shouldDumpInternalState(java.lang.String[])
    private static boolean shouldSkipDump(java.lang.String[])
    public boolean superDispatchKeyEvent(android.view.KeyEvent)
androidx.core.app.DialogCompat$Api28Impl
androidx.core.app.DialogCompat
androidx.core.app.FrameMetricsAggregator$FrameMetricsApi24Impl$1
androidx.core.app.FrameMetricsAggregator$FrameMetricsApi24Impl
androidx.core.app.FrameMetricsAggregator$FrameMetricsBaseImpl
androidx.core.app.FrameMetricsAggregator$MetricType
androidx.core.app.FrameMetricsAggregator
androidx.core.app.JobIntentService$CommandProcessor
androidx.core.app.JobIntentService$CompatJobEngine